jpushDemo/build/outputs/logs/manifest-merger-debug-report.txt
-- Merging decision tree log ---
manifest
ADDED from lesson-code-sample\jpushDemo\AndroidManifest.xml:2:1-175:12
INJECTED from lesson-code-sample\jpushDemo\AndroidManifest.xml:2:1-175:12
INJECTED from lesson-code-sample\jpushDemo\AndroidManifest.xml:2:1-175:12
INJECTED from lesson-code-sample\jpushDemo\AndroidManifest.xml:2:1-175:12
INJECTED from lesson-code-sample\jpushDemo\AndroidManifest.xml:2:1-175:12
	package
		ADDED from lesson-code-sample\jpushDemo\AndroidManifest.xml:3:5-34
	android:versionName
		ADDED from lesson-code-sample\jpushDemo\AndroidManifest.xml:5:5-32
		INJECTED from lesson-code-sample\jpushDemo\AndroidManifest.xml
		INJECTED from lesson-code-sample\jpushDemo\AndroidManifest.xml
	xmlns:android
		ADDED from lesson-code-sample\jpushDemo\AndroidManifest.xml:2:11-69
	android:versionCode
		ADDED from lesson-code-sample\jpushDemo\AndroidManifest.xml:4:5-30
		INJECTED from lesson-code-sample\jpushDemo\AndroidManifest.xml
		INJECTED from lesson-code-sample\jpushDemo\AndroidManifest.xml
permission#cn.feicui.com.jpush.permission.JPUSH_MESSAGE
ADDED from lesson-code-sample\jpushDemo\AndroidManifest.xml:7:5-9:47
	android:protectionLevel
		ADDED from lesson-code-sample\jpushDemo\AndroidManifest.xml:9:9-44
	android:name
		ADDED from lesson-code-sample\jpushDemo\AndroidManifest.xml:8:9-68
uses-permission#cn.feicui.com.jpush.permission.JPUSH_MESSAGE
ADDED from lesson-code-sample\jpushDemo\AndroidManifest.xml:12:5-84
	android:name
		ADDED from lesson-code-sample\jpushDemo\AndroidManifest.xml:12:22-81
uses-permission#android.permission.RECEIVE_USER_PRESENT
ADDED from lesson-code-sample\jpushDemo\AndroidManifest.xml:13:5-79
	android:name
		ADDED from lesson-code-sample\jpushDemo\AndroidManifest.xml:13:22-76
uses-permission#android.permission.INTERNET
ADDED from lesson-code-sample\jpushDemo\AndroidManifest.xml:14:5-67
	android:name
		ADDED from lesson-code-sample\jpushDemo\AndroidManifest.xml:14:22-64
uses-permission#android.permission.WAKE_LOCK
ADDED from lesson-code-sample\jpushDemo\AndroidManifest.xml:15:5-68
	android:name
		ADDED from lesson-code-sample\jpushDemo\AndroidManifest.xml:15:22-65
uses-permission#android.permission.READ_PHONE_STATE
ADDED from lesson-code-sample\jpushDemo\AndroidManifest.xml:16:5-75
	android:name
		ADDED from lesson-code-sample\jpushDemo\AndroidManifest.xml:16:22-72
uses-permission#android.permission.WRITE_EXTERNAL_STORAGE
ADDED from lesson-code-sample\jpushDemo\AndroidManifest.xml:17:5-81
	android:name
		ADDED from lesson-code-sample\jpushDemo\AndroidManifest.xml:17:22-78
uses-permission#android.permission.READ_EXTERNAL_STORAGE
ADDED from lesson-code-sample\jpushDemo\AndroidManifest.xml:18:5-80
	android:name
		ADDED from lesson-code-sample\jpushDemo\AndroidManifest.xml:18:22-77
uses-permission#android.permission.WRITE_SETTINGS
ADDED from lesson-code-sample\jpushDemo\AndroidManifest.xml:19:5-73
	android:name
		ADDED from lesson-code-sample\jpushDemo\AndroidManifest.xml:19:22-70
uses-permission#android.permission.VIBRATE
ADDED from lesson-code-sample\jpushDemo\AndroidManifest.xml:20:5-66
	android:name
		ADDED from lesson-code-sample\jpushDemo\AndroidManifest.xml:20:22-63
uses-permission#android.permission.MOUNT_UNMOUNT_FILESYSTEMS
ADDED from lesson-code-sample\jpushDemo\AndroidManifest.xml:21:5-84
	android:name
		ADDED from lesson-code-sample\jpushDemo\AndroidManifest.xml:21:22-81
uses-permission#android.permission.ACCESS_NETWORK_STATE
ADDED from lesson-code-sample\jpushDemo\AndroidManifest.xml:22:5-79
	android:name
		ADDED from lesson-code-sample\jpushDemo\AndroidManifest.xml:22:22-76
uses-permission#android.permission.ACCESS_WIFI_STATE
ADDED from lesson-code-sample\jpushDemo\AndroidManifest.xml:23:5-76
	android:name
		ADDED from lesson-code-sample\jpushDemo\AndroidManifest.xml:23:22-73
uses-permission#android.permission.ACCESS_COARSE_LOCATION
ADDED from lesson-code-sample\jpushDemo\AndroidManifest.xml:27:5-81
	android:name
		ADDED from lesson-code-sample\jpushDemo\AndroidManifest.xml:27:22-78
uses-permission#android.permission.CHANGE_WIFI_STATE
ADDED from lesson-code-sample\jpushDemo\AndroidManifest.xml:28:5-76
	android:name
		ADDED from lesson-code-sample\jpushDemo\AndroidManifest.xml:28:22-73
uses-permission#android.permission.ACCESS_FINE_LOCATION
ADDED from lesson-code-sample\jpushDemo\AndroidManifest.xml:29:5-79
	android:name
		ADDED from lesson-code-sample\jpushDemo\AndroidManifest.xml:29:22-76
uses-permission#android.permission.ACCESS_LOCATION_EXTRA_COMMANDS
ADDED from lesson-code-sample\jpushDemo\AndroidManifest.xml:30:5-89
	android:name
		ADDED from lesson-code-sample\jpushDemo\AndroidManifest.xml:30:22-86
uses-permission#android.permission.CHANGE_NETWORK_STATE
ADDED from lesson-code-sample\jpushDemo\AndroidManifest.xml:31:5-79
	android:name
		ADDED from lesson-code-sample\jpushDemo\AndroidManifest.xml:31:22-76
uses-permission#android.permission.GET_TASKS
ADDED from lesson-code-sample\jpushDemo\AndroidManifest.xml:32:5-68
	android:name
		ADDED from lesson-code-sample\jpushDemo\AndroidManifest.xml:32:22-65
application
ADDED from lesson-code-sample\jpushDemo\AndroidManifest.xml:34:5-174:19
	android:label
		ADDED from lesson-code-sample\jpushDemo\AndroidManifest.xml:38:9-41
	android:icon
		ADDED from lesson-code-sample\jpushDemo\AndroidManifest.xml:37:9-45
	android:allowBackup
		ADDED from lesson-code-sample\jpushDemo\AndroidManifest.xml:36:9-35
	android:name
		ADDED from lesson-code-sample\jpushDemo\AndroidManifest.xml:35:9-64
activity#com.example.jpushdemo.MainActivity
ADDED from lesson-code-sample\jpushDemo\AndroidManifest.xml:42:9-49:20
	android:label
		ADDED from lesson-code-sample\jpushDemo\AndroidManifest.xml:44:13-45
	android:name
		ADDED from lesson-code-sample\jpushDemo\AndroidManifest.xml:43:13-62
intent-filter#android.intent.action.MAIN+android.intent.category.LAUNCHER
ADDED from lesson-code-sample\jpushDemo\AndroidManifest.xml:45:13-48:29
action#android.intent.action.MAIN
ADDED from lesson-code-sample\jpushDemo\AndroidManifest.xml:46:17-69
	android:name
		ADDED from lesson-code-sample\jpushDemo\AndroidManifest.xml:46:25-66
category#android.intent.category.LAUNCHER
ADDED from lesson-code-sample\jpushDemo\AndroidManifest.xml:47:17-77
	android:name
		ADDED from lesson-code-sample\jpushDemo\AndroidManifest.xml:47:27-74
activity#com.example.jpushdemo.PushSetActivity
ADDED from lesson-code-sample\jpushDemo\AndroidManifest.xml:51:9-53:47
	android:label
		ADDED from lesson-code-sample\jpushDemo\AndroidManifest.xml:53:13-45
	android:name
		ADDED from lesson-code-sample\jpushDemo\AndroidManifest.xml:52:13-65
activity#com.example.jpushdemo.SettingActivity
ADDED from lesson-code-sample\jpushDemo\AndroidManifest.xml:55:9-57:47
	android:label
		ADDED from lesson-code-sample\jpushDemo\AndroidManifest.xml:57:13-45
	android:name
		ADDED from lesson-code-sample\jpushDemo\AndroidManifest.xml:56:13-65
activity#com.example.jpushdemo.TestActivity
ADDED from lesson-code-sample\jpushDemo\AndroidManifest.xml:59:9-66:20
	android:exported
		ADDED from lesson-code-sample\jpushDemo\AndroidManifest.xml:61:13-37
	android:name
		ADDED from lesson-code-sample\jpushDemo\AndroidManifest.xml:60:13-62
intent-filter#jpush.testAction+jpush.testCategory
ADDED from lesson-code-sample\jpushDemo\AndroidManifest.xml:62:13-65:29
action#jpush.testAction
ADDED from lesson-code-sample\jpushDemo\AndroidManifest.xml:63:17-59
	android:name
		ADDED from lesson-code-sample\jpushDemo\AndroidManifest.xml:63:25-56
category#jpush.testCategory
ADDED from lesson-code-sample\jpushDemo\AndroidManifest.xml:64:17-63
	android:name
		ADDED from lesson-code-sample\jpushDemo\AndroidManifest.xml:64:27-60
activity#cn.jpush.android.ui.PopWinActivity
ADDED from lesson-code-sample\jpushDemo\AndroidManifest.xml:69:9-72:61
	android:exported
		ADDED from lesson-code-sample\jpushDemo\AndroidManifest.xml:71:13-37
	android:theme
		ADDED from lesson-code-sample\jpushDemo\AndroidManifest.xml:72:13-49
	android:name
		ADDED from lesson-code-sample\jpushDemo\AndroidManifest.xml:70:13-62
activity#cn.jpush.android.ui.PushActivity
ADDED from lesson-code-sample\jpushDemo\AndroidManifest.xml:75:9-86:20
	android:exported
		ADDED from lesson-code-sample\jpushDemo\AndroidManifest.xml:78:13-37
	android:configChanges
		ADDED from lesson-code-sample\jpushDemo\AndroidManifest.xml:77:13-63
	android:theme
		ADDED from lesson-code-sample\jpushDemo\AndroidManifest.xml:79:13-60
	android:name
		ADDED from lesson-code-sample\jpushDemo\AndroidManifest.xml:76:13-60
intent-filter#android.intent.category.DEFAULT+cn.feicui.com.jpush+cn.jpush.android.ui.PushActivity
ADDED from lesson-code-sample\jpushDemo\AndroidManifest.xml:80:13-85:29
action#cn.jpush.android.ui.PushActivity
ADDED from lesson-code-sample\jpushDemo\AndroidManifest.xml:81:17-75
	android:name
		ADDED from lesson-code-sample\jpushDemo\AndroidManifest.xml:81:25-72
category#android.intent.category.DEFAULT
ADDED from lesson-code-sample\jpushDemo\AndroidManifest.xml:83:17-76
	android:name
		ADDED from lesson-code-sample\jpushDemo\AndroidManifest.xml:83:27-73
category#cn.feicui.com.jpush
ADDED from lesson-code-sample\jpushDemo\AndroidManifest.xml:84:17-64
	android:name
		ADDED from lesson-code-sample\jpushDemo\AndroidManifest.xml:84:27-61
service#cn.jpush.android.service.DownloadService
ADDED from lesson-code-sample\jpushDemo\AndroidManifest.xml:88:9-91:48
	android:enabled
		ADDED from lesson-code-sample\jpushDemo\AndroidManifest.xml:90:13-35
	android:exported
		ADDED from lesson-code-sample\jpushDemo\AndroidManifest.xml:91:13-37
	android:name
		ADDED from lesson-code-sample\jpushDemo\AndroidManifest.xml:89:13-68
service#cn.jpush.android.service.PushService
ADDED from lesson-code-sample\jpushDemo\AndroidManifest.xml:96:9-106:19
	android:enabled
		ADDED from lesson-code-sample\jpushDemo\AndroidManifest.xml:98:13-35
	android:exported
		ADDED from lesson-code-sample\jpushDemo\AndroidManifest.xml:99:13-37
	android:name
		ADDED from lesson-code-sample\jpushDemo\AndroidManifest.xml:97:13-64
intent-filter#cn.jpush.android.intent.PUSH_TIME+cn.jpush.android.intent.PushService+cn.jpush.android.intent.REGISTER+cn.jpush.android.intent.REPORT
ADDED from lesson-code-sample\jpushDemo\AndroidManifest.xml:100:13-105:29
action#cn.jpush.android.intent.REGISTER
ADDED from lesson-code-sample\jpushDemo\AndroidManifest.xml:101:17-75
	android:name
		ADDED from lesson-code-sample\jpushDemo\AndroidManifest.xml:101:25-72
action#cn.jpush.android.intent.REPORT
ADDED from lesson-code-sample\jpushDemo\AndroidManifest.xml:102:17-73
	android:name
		ADDED from lesson-code-sample\jpushDemo\AndroidManifest.xml:102:25-70
action#cn.jpush.android.intent.PushService
ADDED from lesson-code-sample\jpushDemo\AndroidManifest.xml:103:17-78
	android:name
		ADDED from lesson-code-sample\jpushDemo\AndroidManifest.xml:103:25-75
action#cn.jpush.android.intent.PUSH_TIME
ADDED from lesson-code-sample\jpushDemo\AndroidManifest.xml:104:17-76
	android:name
		ADDED from lesson-code-sample\jpushDemo\AndroidManifest.xml:104:25-73
service#cn.jpush.android.service.DaemonService
ADDED from lesson-code-sample\jpushDemo\AndroidManifest.xml:110:9-119:19
	android:enabled
		ADDED from lesson-code-sample\jpushDemo\AndroidManifest.xml:112:13-35
	android:exported
		ADDED from lesson-code-sample\jpushDemo\AndroidManifest.xml:113:13-36
	android:name
		ADDED from lesson-code-sample\jpushDemo\AndroidManifest.xml:111:13-66
intent-filter#cn.feicui.com.jpush+cn.jpush.android.intent.DaemonService
ADDED from lesson-code-sample\jpushDemo\AndroidManifest.xml:114:13-117:29
action#cn.jpush.android.intent.DaemonService
ADDED from lesson-code-sample\jpushDemo\AndroidManifest.xml:115:17-80
	android:name
		ADDED from lesson-code-sample\jpushDemo\AndroidManifest.xml:115:25-77
receiver#cn.jpush.android.service.PushReceiver
ADDED from lesson-code-sample\jpushDemo\AndroidManifest.xml:122:9-142:20
	android:enabled
		ADDED from lesson-code-sample\jpushDemo\AndroidManifest.xml:124:13-35
	android:exported
		ADDED from lesson-code-sample\jpushDemo\AndroidManifest.xml:125:13-37
	android:name
		ADDED from lesson-code-sample\jpushDemo\AndroidManifest.xml:123:13-65
intent-filter#cn.feicui.com.jpush+cn.jpush.android.intent.NOTIFICATION_RECEIVED_PROXY
ADDED from lesson-code-sample\jpushDemo\AndroidManifest.xml:126:13-129:29
	android:priority
		ADDED from lesson-code-sample\jpushDemo\AndroidManifest.xml:126:28-51
action#cn.jpush.android.intent.NOTIFICATION_RECEIVED_PROXY
ADDED from lesson-code-sample\jpushDemo\AndroidManifest.xml:127:17-94
	android:name
		ADDED from lesson-code-sample\jpushDemo\AndroidManifest.xml:127:25-91
intent-filter#android.intent.action.USER_PRESENT+android.net.conn.CONNECTIVITY_CHANGE
ADDED from lesson-code-sample\jpushDemo\AndroidManifest.xml:130:13-133:29
action#android.intent.action.USER_PRESENT
ADDED from lesson-code-sample\jpushDemo\AndroidManifest.xml:131:17-77
	android:name
		ADDED from lesson-code-sample\jpushDemo\AndroidManifest.xml:131:25-74
action#android.net.conn.CONNECTIVITY_CHANGE
ADDED from lesson-code-sample\jpushDemo\AndroidManifest.xml:132:17-79
	android:name
		ADDED from lesson-code-sample\jpushDemo\AndroidManifest.xml:132:25-76
intent-filter#android.intent.action.PACKAGE_ADDED+android.intent.action.PACKAGE_REMOVED
ADDED from lesson-code-sample\jpushDemo\AndroidManifest.xml:135:13-140:29
action#android.intent.action.PACKAGE_ADDED
ADDED from lesson-code-sample\jpushDemo\AndroidManifest.xml:136:17-78
	android:name
		ADDED from lesson-code-sample\jpushDemo\AndroidManifest.xml:136:25-75
action#android.intent.action.PACKAGE_REMOVED
ADDED from lesson-code-sample\jpushDemo\AndroidManifest.xml:137:17-80
	android:name
		ADDED from lesson-code-sample\jpushDemo\AndroidManifest.xml:137:25-77
data
ADDED from lesson-code-sample\jpushDemo\AndroidManifest.xml:139:17-50
	android:scheme
		ADDED from lesson-code-sample\jpushDemo\AndroidManifest.xml:139:23-47
receiver#cn.jpush.android.service.AlarmReceiver
ADDED from lesson-code-sample\jpushDemo\AndroidManifest.xml:145:9-147:40
	android:exported
		ADDED from lesson-code-sample\jpushDemo\AndroidManifest.xml:147:13-37
	android:name
		ADDED from lesson-code-sample\jpushDemo\AndroidManifest.xml:146:13-66
receiver#com.example.jpushdemo.MyReceiver
ADDED from lesson-code-sample\jpushDemo\AndroidManifest.xml:150:9-163:20
	android:enabled
		ADDED from lesson-code-sample\jpushDemo\AndroidManifest.xml:152:13-35
	android:exported
		ADDED from lesson-code-sample\jpushDemo\AndroidManifest.xml:153:13-37
	android:name
		ADDED from lesson-code-sample\jpushDemo\AndroidManifest.xml:151:13-60
intent-filter#cn.feicui.com.jpush+cn.jpush.android.intent.ACTION_RICHPUSH_CALLBACK+cn.jpush.android.intent.CONNECTION+cn.jpush.android.intent.MESSAGE_RECEIVED+cn.jpush.android.intent.NOTIFICATION_OPENED+cn.jpush.android.intent.NOTIFICATION_RECEIVED+cn.jpush.android.intent.REGISTRATION
ADDED from lesson-code-sample\jpushDemo\AndroidManifest.xml:154:13-162:29
action#cn.jpush.android.intent.REGISTRATION
ADDED from lesson-code-sample\jpushDemo\AndroidManifest.xml:155:17-79
	android:name
		ADDED from lesson-code-sample\jpushDemo\AndroidManifest.xml:155:25-76
action#cn.jpush.android.intent.MESSAGE_RECEIVED
ADDED from lesson-code-sample\jpushDemo\AndroidManifest.xml:156:17-83
	android:name
		ADDED from lesson-code-sample\jpushDemo\AndroidManifest.xml:156:25-80
action#cn.jpush.android.intent.NOTIFICATION_RECEIVED
ADDED from lesson-code-sample\jpushDemo\AndroidManifest.xml:157:17-88
	android:name
		ADDED from lesson-code-sample\jpushDemo\AndroidManifest.xml:157:25-85
action#cn.jpush.android.intent.NOTIFICATION_OPENED
ADDED from lesson-code-sample\jpushDemo\AndroidManifest.xml:158:17-86
	android:name
		ADDED from lesson-code-sample\jpushDemo\AndroidManifest.xml:158:25-83
action#cn.jpush.android.intent.ACTION_RICHPUSH_CALLBACK
ADDED from lesson-code-sample\jpushDemo\AndroidManifest.xml:159:17-91
	android:name
		ADDED from lesson-code-sample\jpushDemo\AndroidManifest.xml:159:25-88
action#cn.jpush.android.intent.CONNECTION
ADDED from lesson-code-sample\jpushDemo\AndroidManifest.xml:160:17-77
	android:name
		ADDED from lesson-code-sample\jpushDemo\AndroidManifest.xml:160:25-74
meta-data#JPUSH_CHANNEL
ADDED from lesson-code-sample\jpushDemo\AndroidManifest.xml:167:9-169:49
	android:value
		ADDED from lesson-code-sample\jpushDemo\AndroidManifest.xml:169:13-46
	android:name
		ADDED from lesson-code-sample\jpushDemo\AndroidManifest.xml:168:13-41
meta-data#JPUSH_APPKEY
ADDED from lesson-code-sample\jpushDemo\AndroidManifest.xml:170:9-172:56
	android:value
		ADDED from lesson-code-sample\jpushDemo\AndroidManifest.xml:172:13-53
	android:name
		ADDED from lesson-code-sample\jpushDemo\AndroidManifest.xml:171:13-40
uses-sdk
INJECTED from lesson-code-sample\jpushDemo\AndroidManifest.xml reason: use-sdk injection requested
INJECTED from lesson-code-sample\jpushDemo\AndroidManifest.xml
INJECTED from lesson-code-sample\jpushDemo\AndroidManifest.xml
	android:minSdkVersion
		INJECTED from lesson-code-sample\jpushDemo\AndroidManifest.xml
		ADDED from lesson-code-sample\jpushDemo\AndroidManifest.xml
		INJECTED from lesson-code-sample\jpushDemo\AndroidManifest.xml